[debug] [2021-05-01T09:52:11.568Z] ----------------------------------------------------------------------
[debug] [2021-05-01T09:52:11.572Z] Command:       C:\Program Files\nodejs\node.exe C:\Users\HP\AppData\Roaming\npm\node_modules\firebase-tools\lib\bin\firebase.js init
[debug] [2021-05-01T09:52:11.572Z] CLI Version:   9.10.0
[debug] [2021-05-01T09:52:11.572Z] Platform:      win32
[debug] [2021-05-01T09:52:11.572Z] Node Version:  v12.14.1
[debug] [2021-05-01T09:52:11.574Z] Time:          Sat May 01 2021 15:22:11 GMT+0530 (India Standard Time)
[debug] [2021-05-01T09:52:11.574Z] ----------------------------------------------------------------------
[debug] 
[debug] [2021-05-01T09:52:11.603Z] > command requires scopes: ["email","openid","https://www.googleapis.com/auth/cloudplatformprojects.readonly","https://www.googleapis.com/auth/firebase","https://www.googleapis.com/auth/cloud-platform"]
[debug] [2021-05-01T09:52:11.603Z] > authorizing via signed-in user (ghoshroy23@gmail.com)
[info] 
     ######## #### ########  ######## ########     ###     ######  ########
     ##        ##  ##     ## ##       ##     ##  ##   ##  ##       ##
     ######    ##  ########  ######   ########  #########  ######  ######
     ##        ##  ##    ##  ##       ##     ## ##     ##       ## ##
     ##       #### ##     ## ######## ########  ##     ##  ######  ########

You're about to initialize a Firebase project in this directory:

  E:\Courses\Internships\covidcareapp

Before we get started, keep in mind:

  * You are initializing in an existing Firebase project directory

